<?xml version="1.0" encoding="UTF-8"?>
<!-- Generated by org.testng.reporters.JUnitReportReporter -->
<testsuite hostname="DESKTOP-8N2T49J" failures="0" tests="1" name="testcases.HomeTest" time="10.737" errors="0" timestamp="2022-09-20T18:16:27 IST" skipped="0">
  <testcase classname="testcases.HomeTest" name="Test1" time="10.737"/>
  <system-out/>
</testsuite> <!-- testcases.HomeTest -->
