<?xml version="1.0" encoding="UTF-8"?>
<!-- Generated by org.testng.reporters.JUnitReportReporter -->
<testsuite hostname="DESKTOP-8N2T49J" failures="0" tests="3" name="testcases.SimplilearnLogin" time="97.716" errors="0" timestamp="22 Sep 2022 15:38:53 GMT" skipped="0">
  <testcase classname="testcases.SimplilearnLogin" name="test2" time="26.616"/>
  <testcase classname="testcases.SimplilearnLogin" name="test3" time="38.402"/>
  <testcase classname="testcases.SimplilearnLogin" name="test1" time="32.698"/>
</testsuite> <!-- testcases.SimplilearnLogin -->
