<?xml version="1.0" encoding="UTF-8"?>
<!-- Generated by org.testng.reporters.JUnitReportReporter -->
<testsuite hostname="DESKTOP-8N2T49J" failures="0" tests="1" name="testcases.HomeTest" time="7.019" errors="0" timestamp="21 Sep 2022 15:12:50 GMT">
  <testcase classname="testcases.HomeTest" name="Test1" time="7.019"/>
</testsuite> <!-- testcases.HomeTest -->
