<?xml version="1.0" encoding="UTF-8"?>
<!-- Generated by org.testng.reporters.JUnitReportReporter -->
<testsuite skipped="0" hostname="DESKTOP-8N2T49J" name="testcases.HomeTest" tests="1" failures="0" timestamp="2022-09-20T17:50:43 IST" time="32.574" errors="0">
  <testcase name="Test1" time="32.574" classname="testcases.HomeTest"/>
  <system-out/>
</testsuite> <!-- testcases.HomeTest -->
