<?xml version="1.0" encoding="UTF-8"?>
<!-- Generated by org.testng.reporters.JUnitReportReporter -->
<testsuite skipped="0" hostname="DESKTOP-8N2T49J" name="testcases.SimplilearnLogin" tests="3" failures="0" timestamp="22 Sep 2022 15:40:48 GMT" time="63.800" errors="0">
  <testcase name="test1" time="28.363" classname="testcases.SimplilearnLogin"/>
  <testcase name="test3" time="18.825" classname="testcases.SimplilearnLogin"/>
  <testcase name="test2" time="16.612" classname="testcases.SimplilearnLogin"/>
</testsuite> <!-- testcases.SimplilearnLogin -->
